Untagged: 10.14.255.176/spring-cloud/eureka:latest
Untagged: 10.14.255.176/spring-cloud/eureka@sha256:d05fabeaff3dffb1d5316358e8e76c3b81ccde52f212eef2205c1d5704a3e2b7
Deleted: sha256:04921e7bd050cd0125f80627c26501d1e1047a885554e26c728759a99cbc3a04
Deleted: sha256:8ec684be799b27f432fb25b845d1f195404a14c7b0233033da0900062b32f838
Deleted: sha256:eda228ac4978403c797b2f071f03d72ecb3a41fb591b0db9cf46e34f0d021a7c
Deleted: sha256:853c432688db9182ce4f658e6d0d3a93cdfe79053aa7dc52d0a99857aa95894a
Sending build context to Docker daemon  42.2 MB
Step 1/4 : FROM frolvlad/alpine-oraclejdk8:slim
 ---> ce0bf5ef511b
Step 2/4 : EXPOSE 8761
 ---> Running in d5ae3ef9ed62
 ---> 9afc209cb618
Removing intermediate container d5ae3ef9ed62
Step 3/4 : COPY eureka-service.jar .
 ---> bba2f6c7f8fe
Removing intermediate container db785607f8b6
Step 4/4 : CMD java -jar eureka-service.jar
 ---> Running in d38fb546bf5c
 ---> d21c90c73867
Removing intermediate container d38fb546bf5c
Successfully built d21c90c73867
The push refers to a repository [10.14.255.176/spring-cloud/eureka]
d2d7cd1063f3: Preparing
a41c8c4bcb8e: Preparing
d677fc407b01: Preparing
e154057080f4: Preparing
d677fc407b01: Layer already exists
a41c8c4bcb8e: Layer already exists
e154057080f4: Layer already exists
d2d7cd1063f3: Pushed
latest: digest: sha256:e4622df65ba88734c7a4cfc8aed2568f39480afe05d72c068b68c8defdb0e09a size: 1163
